#
# There is insufficient memory for the Java Runtime Environment to continue.
# Native memory allocation (mmap) failed to map 100663296 bytes for Failed to commit area from 0x00000000a1e00000 to 0x00000000a7e00000 of length 100663296.
# Possible reasons:
#   The system is out of physical RAM or swap space
#   The process is running with CompressedOops enabled, and the Java Heap may be blocking the growth of the native heap
# Possible solutions:
#   Reduce memory load on the system
#   Increase physical memory or swap space
#   Check if swap backing store is full
#   Decrease Java heap size (-Xmx/-Xms)
#   Decrease number of Java threads
#   Decrease Java thread stack sizes (-Xss)
#   Set larger code cache with -XX:ReservedCodeCacheSize=
# This output file may be truncated or incomplete.
#
#  Out of Memory Error (t:/workspace/open/src/hotspot/os/windows/os_windows.cpp:3221), pid=18412, tid=11024
#
# JRE version:  (10.0.2+13) (build )
# Java VM: Java HotSpot(TM) 64-Bit Server VM (10.0.2+13, mixed mode, aot, tiered, compressed oops, g1 gc, windows-amd64)
# No core dump will be written. Minidumps are not enabled by default on client versions of Windows
#

---------------  S U M M A R Y ------------

Command Line: -Dfile.encoding=Cp1252 --module-path=C:\Users\Chris\OneDrive\Grand Circus\Eclipse\weekOneCapstone\bin -Djdk.module.main=weekOneCapstone weekOneCapstone/weekOneCapstone.CapStonePigLatin

Host: Intel(R) Core(TM) i5-6200U CPU @ 2.30GHz, 4 cores, 5G,  Windows 10 , 64 bit Build 17134 (10.0.17134.1)
Time: Sun Oct 14 18:28:50 2018 Eastern Daylight Time elapsed time: 0 seconds (0d 0h 0m 0s)

---------------  T H R E A D  ---------------

Current thread (0x000002bdfa9aa000):  JavaThread "Unknown thread" [_thread_in_vm, id=11024, stack(0x000000cb0c200000,0x000000cb0c300000)]

Stack: [0x000000cb0c200000,0x000000cb0c300000]
Native frames: (J=compiled Java code, j=interpreted, Vv=VM code, C=native code)
V  [jvm.dll+0x5a01a9]
V  [jvm.dll+0x6bcf31]
V  [jvm.dll+0x6be126]
V  [jvm.dll+0x6be7b3]
V  [jvm.dll+0x234978]
V  [jvm.dll+0x59dac4]
V  [jvm.dll+0x592825]
V  [jvm.dll+0x2f632b]
V  [jvm.dll+0x2f6295]
V  [jvm.dll+0x2f6172]
V  [jvm.dll+0x2f8366]
V  [jvm.dll+0x344293]
V  [jvm.dll+0x3449a6]
V  [jvm.dll+0x344393]
V  [jvm.dll+0x2c4628]
V  [jvm.dll+0x2c5771]
V  [jvm.dll+0x69d1db]
V  [jvm.dll+0x69e9fc]
V  [jvm.dll+0x3519e9]
V  [jvm.dll+0x6856a2]
V  [jvm.dll+0x3ba0c3]
V  [jvm.dll+0x3bc261]
C  [javaw.exe+0x3541]
C  [javaw.exe+0xe1cf]
C  [javaw.exe+0xe376]
C  [KERNEL32.DLL+0x13034]
C  [ntdll.dll+0x71461]


---------------  P R O C E S S  ---------------

Threads class SMR info:
_java_thread_list=0x000002bdf86f65f0, length=0, elements={
}

Java Threads: ( => current thread )

Other Threads:
  0x000002bdfa9c1000 GCTaskThread "GC Thread#0" [stack: 0x000000cb0c300000,0x000000cb0c400000] [id=18300]
  0x000002bdfa9c2800 GCTaskThread "GC Thread#1" [stack: 0x000000cb0c400000,0x000000cb0c500000] [id=20556]
  0x000002bdfa9c6000 GCTaskThread "GC Thread#2" [stack: 0x000000cb0c500000,0x000000cb0c600000] [id=6012]
  0x000002bdfa9c8800 GCTaskThread "GC Thread#3" [stack: 0x000000cb0c600000,0x000000cb0c700000] [id=32732]
  0x000002bdfaa21800 ConcurrentGCThread "G1 Main Marker" [stack: 0x000000cb0c700000,0x000000cb0c800000] [id=8388]
  0x000002bdfaa28000 ConcurrentGCThread "G1 Conc#0" [stack: 0x000000cb0c800000,0x000000cb0c900000] [id=22376]

[error occurred during error reporting (printing all threads), id 0xe0000002]

VM state:not at safepoint (not fully initialized)

VM Mutex/Monitor currently owned by a thread:  ([mutex/lock_event])
[0x000002bdfa9a8c80] Heap_lock - owner thread: 0x000002bdfa9aa000

Heap address: 0x00000000a1e00000, size: 1506 MB, Compressed Oops mode: Non-zero based: 0x00000000a1e00000
Narrow klass base: 0x0000000000000000, Narrow klass shift: 0

GC Heap History (0 events):
No events

Deoptimization events (0 events):
No events

Classes redefined (0 events):
No events

Internal exceptions (0 events):
No events

Events (0 events):
No events


Dynamic libraries:
0x00007ff6a4e50000 - 0x00007ff6a4e8e000 	C:\Program Files\Java\jre-10.0.2\bin\javaw.exe
0x00007ff82e7f0000 - 0x00007ff82e9d1000 	C:\WINDOWS\SYSTEM32\ntdll.dll
0x00007ff82bef0000 - 0x00007ff82bfa2000 	C:\WINDOWS\System32\KERNEL32.DLL
0x00007ff82b050000 - 0x00007ff82b2c3000 	C:\WINDOWS\System32\KERNELBASE.dll
0x000000005c8d0000 - 0x000000005cbeb000 	C:\Program Files (x86)\Norton Security Suite\NortonData\22.7.0.76\Definitions\IPSDefs\20181012.061\IPSEng64.dll
0x00007ff82d5f0000 - 0x00007ff82d691000 	C:\WINDOWS\System32\ADVAPI32.dll
0x00007ff82d820000 - 0x00007ff82d8be000 	C:\WINDOWS\System32\msvcrt.dll
0x00007ff82e6a0000 - 0x00007ff82e6fb000 	C:\WINDOWS\System32\sechost.dll
0x00007ff82de50000 - 0x00007ff82df74000 	C:\WINDOWS\System32\RPCRT4.dll
0x00007ff82e530000 - 0x00007ff82e538000 	C:\WINDOWS\System32\PSAPI.DLL
0x00007ff82d960000 - 0x00007ff82daf0000 	C:\WINDOWS\System32\USER32.dll
0x00007ff82abc0000 - 0x00007ff82abe0000 	C:\WINDOWS\System32\win32u.dll
0x00007ff82de20000 - 0x00007ff82de48000 	C:\WINDOWS\System32\GDI32.dll
0x00007ff82bae0000 - 0x00007ff82bc72000 	C:\WINDOWS\System32\gdi32full.dll
0x00007ff82af30000 - 0x00007ff82afcf000 	C:\WINDOWS\System32\msvcp_win.dll
0x00007ff82b9e0000 - 0x00007ff82bada000 	C:\WINDOWS\System32\ucrtbase.dll
0x00007ff81a610000 - 0x00007ff81a61a000 	C:\WINDOWS\SYSTEM32\VERSION.dll
0x00007ff819eb0000 - 0x00007ff81a119000 	C:\WINDOWS\WinSxS\amd64_microsoft.windows.common-controls_6595b64144ccf1df_6.0.17134.285_none_fb4297e330656775\COMCTL32.dll
0x00007ff82daf0000 - 0x00007ff82de13000 	C:\WINDOWS\System32\combase.dll
0x00007ff82afd0000 - 0x00007ff82b04a000 	C:\WINDOWS\System32\bcryptPrimitives.dll
0x00007ff82d5c0000 - 0x00007ff82d5ed000 	C:\WINDOWS\System32\IMM32.DLL
0x00007ff802af0000 - 0x00007ff802bdf000 	C:\Program Files\Java\jre-10.0.2\bin\msvcr120.dll
0x00007ff813930000 - 0x00007ff8139d6000 	C:\Program Files\Java\jre-10.0.2\bin\msvcp120.dll
0x000000005dc70000 - 0x000000005e6e0000 	C:\Program Files\Java\jre-10.0.2\bin\server\jvm.dll
0x00007ff8229d0000 - 0x00007ff8229d9000 	C:\WINDOWS\SYSTEM32\WSOCK32.dll
0x00007ff82df80000 - 0x00007ff82dfec000 	C:\WINDOWS\System32\WS2_32.dll
0x00007ff828c60000 - 0x00007ff828c83000 	C:\WINDOWS\SYSTEM32\WINMM.dll
0x00007ff828b50000 - 0x00007ff828b7a000 	C:\WINDOWS\SYSTEM32\WINMMBASE.dll
0x00007ff82abe0000 - 0x00007ff82ac29000 	C:\WINDOWS\System32\cfgmgr32.dll
0x00007ff822970000 - 0x00007ff82297f000 	C:\Program Files\Java\jre-10.0.2\bin\verify.dll
0x00007ff8179d0000 - 0x00007ff817b99000 	C:\WINDOWS\SYSTEM32\DBGHELP.DLL
0x00007ff819330000 - 0x00007ff819359000 	C:\WINDOWS\SYSTEM32\dbgcore.DLL
0x00007ff81bb00000 - 0x00007ff81bb27000 	C:\Program Files\Java\jre-10.0.2\bin\java.dll
0x00007ff81bd90000 - 0x00007ff81bda6000 	C:\Program Files\Java\jre-10.0.2\bin\zip.dll
0x00007ff81cf70000 - 0x00007ff81cf7a000 	C:\Program Files\Java\jre-10.0.2\bin\jimage.dll

dbghelp: loaded successfully - version: 4.0.5 - missing functions: none
symbol engine: initialized successfully - sym options: 0x614 - pdb path: .;C:\Program Files\Java\jre-10.0.2\bin;C:\WINDOWS\SYSTEM32;C:\Program Files (x86)\Norton Security Suite\NortonData\22.7.0.76\Definitions\IPSDefs\20181012.061;C:\WINDOWS\WinSxS\amd64_microsoft.windows.common-controls_6595b64144ccf1df_6.0.17134.285_none_fb4297e330656775;C:\Program Files\Java\jre-10.0.2\bin\server

VM Arguments:
jvm_args: -Dfile.encoding=Cp1252 --module-path=C:\Users\Chris\OneDrive\Grand Circus\Eclipse\weekOneCapstone\bin -Djdk.module.main=weekOneCapstone 
java_command: weekOneCapstone/weekOneCapstone.CapStonePigLatin
java_class_path (initial): <not set>
Launcher Type: SUN_STANDARD

Logging:
Log output configuration:
#0: stdout all=warning uptime,level,tags
#1: stderr all=off uptime,level,tags

Environment Variables:
PATH=C:\Program Files (x86)\Common Files\Oracle\Java\javapath;C:\Program Files (x86)\Intel\iCLS Client\;C:\Program Files\Intel\iCLS Client\;C:\WINDOWS\system32;C:\WINDOWS;C:\WINDOWS\System32\Wbem;C:\WINDOWS\System32\WindowsPowerShell\v1.0\;C:\Program Files (x86)\Intel\Intel(R) Management Engine Components\DAL;C:\Program Files\Intel\Intel(R) Management Engine Components\DAL;C:\Program Files (x86)\Intel\Intel(R) Management Engine Components\IPT;C:\Program Files\Intel\Intel(R) Management Engine Components\IPT;C:\WINDOWS\System32\OpenSSH\;C:\Program Files\Git\cmd;C:\Users\Chris\AppData\Local\Microsoft\WindowsApps;C:\Users\Chris\AppData\Local\Programs\Microsoft VS Code\bin;C:\Users\Chris\AppData\Local\GitHubDesktop\bin
USERNAME=Chris
OS=Windows_NT
PROCESSOR_IDENTIFIER=Intel64 Family 6 Model 78 Stepping 3, GenuineIntel



---------------  S Y S T E M  ---------------

OS: Windows 10 , 64 bit Build 17134 (10.0.17134.1)

CPU:total 4 (initial active 4) (2 cores per cpu, 2 threads per core) family 6 model 78 stepping 3, cmov, cx8, fxsr, mmx, sse, sse2, sse3, ssse3, sse4.1, sse4.2, popcnt, avx, avx2, aes, clmul, erms, 3dnowpref, lzcnt, ht, tsc, tscinvbit, bmi1, bmi2, adx, fma

Memory: 4k page, physical 6167968k(704832k free), swap 25042336k(30848k free)

vm_info: Java HotSpot(TM) 64-Bit Server VM (10.0.2+13) for windows-amd64 JRE (10.0.2+13), built on Jun 28 2018 01:57:56 by "mach5one" with MS VC++ 12.0 (VS2013)

END.
